<?xml version="1.0" encoding="UTF-8"?>
<testng-results ignored="0" total="2" passed="2" failed="0" skipped="0">
  <reporter-output>
  </reporter-output>
  <suite started-at="2021-12-22T19:03:41 IST" name="Default suite" finished-at="2021-12-22T19:03:41 IST" duration-ms="103">
    <groups>
    </groups>
    <test started-at="2021-12-22T19:03:41 IST" name="Default test" finished-at="2021-12-22T19:03:41 IST" duration-ms="103">
      <class name="basics_1.Sample">
        <test-method signature="tc2()[pri:0, instance:basics_1.Sample@5af3afd9]" started-at="2021-12-22T19:03:41 IST" name="tc2" finished-at="2021-12-22T19:03:41 IST" duration-ms="17" status="PASS">
          <reporter-output>
          </reporter-output>
        </test-method> <!-- tc2 -->
        <test-method signature="tc3()[pri:0, instance:basics_1.Sample@5af3afd9]" started-at="2021-12-22T19:03:41 IST" name="tc3" finished-at="2021-12-22T19:03:41 IST" duration-ms="3" status="PASS">
          <reporter-output>
          </reporter-output>
        </test-method> <!-- tc3 -->
      </class> <!-- basics_1.Sample -->
    </test> <!-- Default test -->
  </suite> <!-- Default suite -->
</testng-results>
